Using pre-set license

 COMMAND LINE ARGUMENTS:
/Applications/Unity/Hub/Editor/2020.3.4f1/Unity.app/Contents/MacOS/Unity
-adb2
-batchMode
-noUpm
-name
AssetImportWorker0
-projectPath
/Users/greexonn/Documents/GitHub/SomeCutGame/SomeCutGame
-logFile
Logs/AssetImportWorker0.log
-srvPort
57100
Successfully changed project path to: /Users/greexonn/Documents/GitHub/SomeCutGame/SomeCutGame
/Users/greexonn/Documents/GitHub/SomeCutGame/SomeCutGame
Using Asset Import Pipeline V2.
Refreshing native plugins compatible for Editor in 57.82 ms, found 0 plugins.
Preloading 0 native plugins for Editor in 0.00 ms.
Initialize engine version: 2020.3.4f1 (0abb6314276a)
[Subsystems] Discovering subsystems at path /Applications/Unity/Hub/Editor/2020.3.4f1/Unity.app/Contents/Resources/UnitySubsystems
[Subsystems] Discovering subsystems at path /Users/greexonn/Documents/GitHub/SomeCutGame/SomeCutGame/Assets
GfxDevice: creating device client; threaded=0
2021-04-20 14:19:02.392 Unity[99228:4400915] Color LCD preferred device: AMD Radeon Pro 5500M (high power)
2021-04-20 14:19:02.392 Unity[99228:4400915] Metal devices available: 2
2021-04-20 14:19:02.392 Unity[99228:4400915] 0: AMD Radeon Pro 5500M (high power)
2021-04-20 14:19:02.392 Unity[99228:4400915] 1: Intel(R) UHD Graphics 630 (low power)
2021-04-20 14:19:02.397 Unity[99228:4400915] Using device AMD Radeon Pro 5500M (high power)
Initializing Metal device caps: AMD Radeon Pro 5500M
Shader 'Universal Render Pipeline/Particles/Lit': fallback shader 'Universal Render Pipeline/Particles/SimpleLit' not found
Initialize mono
Mono path[0] = '/Applications/Unity/Hub/Editor/2020.3.4f1/Unity.app/Contents/Managed'
Mono path[1] = '/Applications/Unity/Hub/Editor/2020.3.4f1/Unity.app/Contents/MonoBleedingEdge/lib/mono/unityjit'
Mono config path = '/Applications/Unity/Hub/Editor/2020.3.4f1/Unity.app/Contents/MonoBleedingEdge/etc'
Using monoOptions --debugger-agent=transport=dt_socket,embedding=1,server=y,suspend=n,address=127.0.0.1:56228
Begin MonoManager ReloadAssembly
Registering precompiled unity dll's ...
Register platform support module: /Applications/Unity/Hub/Editor/2020.3.4f1/Unity.app/Contents/PlaybackEngines/MacStandaloneSupport/UnityEditor.OSXStandalone.Extensions.dll
Register platform support module: /Applications/Unity/Hub/Editor/2020.3.4f1/PlaybackEngines/WindowsStandaloneSupport/UnityEditor.WindowsStandalone.Extensions.dll
Registered in 0.002247 seconds.
Native extension for WindowsStandalone target not found
Native extension for OSXStandalone target not found
Refreshing native plugins compatible for Editor in 60.88 ms, found 0 plugins.
Preloading 0 native plugins for Editor in 0.00 ms.
Mono: successfully reloaded assembly
- Completed reload, in  4.429 seconds
Platform modules already initialized, skipping
Registering precompiled user dll's ...
Registered in 0.007640 seconds.
Begin MonoManager ReloadAssembly
Native extension for WindowsStandalone target not found
Native extension for OSXStandalone target not found
Refreshing native plugins compatible for Editor in 62.05 ms, found 0 plugins.
Preloading 0 native plugins for Editor in 0.00 ms.
Mono: successfully reloaded assembly
- Completed reload, in  1.970 seconds
Platform modules already initialized, skipping
========================================================================
Worker process is ready to serve import requests
Shader 'Universal Render Pipeline/Particles/Lit': fallback shader 'Universal Render Pipeline/Particles/SimpleLit' not found
Launching external process: /Applications/Unity/Hub/Editor/2020.3.4f1/Unity.app/Contents/Tools/UnityShaderCompiler
Launched and connected shader compiler UnityShaderCompiler after 0.02 seconds
Refreshing native plugins compatible for Editor in 0.34 ms, found 0 plugins.
Preloading 0 native plugins for Editor in 0.00 ms.
Unloading 2179 Unused Serialized files (Serialized files now loaded: 0)
System memory in use before: 198.5 MB.
System memory in use after: 198.6 MB.

Unloading 18 unused Assets to reduce memory usage. Loaded Objects now: 2616.
Total: 2.254330 ms (FindLiveObjects: 0.224696 ms CreateObjectMapping: 0.077540 ms MarkObjects: 1.890091 ms  DeleteObjects: 0.061406 ms)

========================================================================
Received Import Request.
  path: Assets/UniversalRenderPipelineAsset.asset
  artifactKey: Guid(c991a412054c5da46a90ab535bba8335) Importer(815301076,1909f56bfc062723c751e8b465ee728b)
Start importing Assets/UniversalRenderPipelineAsset.asset using Guid(c991a412054c5da46a90ab535bba8335) Importer(815301076,1909f56bfc062723c751e8b465ee728b)  -> (artifact id: '45960074e16ab5c5d0eea554bebbca2a') in 1.316235 seconds
  Import took 1.321187 seconds .

========================================================================
Received Import Request.
  Time since last request: 53.286079 seconds.
  path: Assets/UniversalRenderPipelineAsset.asset
  artifactKey: Guid(c991a412054c5da46a90ab535bba8335) Importer(815301076,1909f56bfc062723c751e8b465ee728b)
Start importing Assets/UniversalRenderPipelineAsset.asset using Guid(c991a412054c5da46a90ab535bba8335) Importer(815301076,1909f56bfc062723c751e8b465ee728b)  -> (artifact id: '273992aecb7f842724477d69fa4f3056') in 0.004009 seconds
  Import took 0.008259 seconds .

========================================================================
Received Import Request.
  Time since last request: 111.117086 seconds.
  path: Assets/Materials/CutMaterial.mat
  artifactKey: Guid(5545d413a93829b4b97993c708f7282b) Importer(815301076,1909f56bfc062723c751e8b465ee728b)
Start importing Assets/Materials/CutMaterial.mat using Guid(5545d413a93829b4b97993c708f7282b) Importer(815301076,1909f56bfc062723c751e8b465ee728b)  -> (artifact id: 'd9b57f5126f4605f29c10d3617c8ee53') in 1.816856 seconds
  Import took 1.821476 seconds .

========================================================================
Received Import Request.
  Time since last request: 0.000234 seconds.
  path: Assets/Katana 4K/_Assets/material/mat.mat
  artifactKey: Guid(a6d655fde5c6faa4db27aef92653108f) Importer(815301076,1909f56bfc062723c751e8b465ee728b)
Start importing Assets/Katana 4K/_Assets/material/mat.mat using Guid(a6d655fde5c6faa4db27aef92653108f) Importer(815301076,1909f56bfc062723c751e8b465ee728b)  -> (artifact id: 'b769dc0e8b846ddc33dd423da2e36eed') in 0.609379 seconds
  Import took 0.613632 seconds .

========================================================================
Received Import Request.
  Time since last request: 0.000211 seconds.
  path: Assets/Models/Donat/Materials/Material.Additional.mat
  artifactKey: Guid(c48bb20a510c58742a863a1fcbee5fe0) Importer(815301076,1909f56bfc062723c751e8b465ee728b)
Start importing Assets/Models/Donat/Materials/Material.Additional.mat using Guid(c48bb20a510c58742a863a1fcbee5fe0) Importer(815301076,1909f56bfc062723c751e8b465ee728b)  -> (artifact id: 'd4a6359e58430aa690fa02004ee89e20') in 0.017707 seconds
  Import took 0.021251 seconds .

========================================================================
Received Import Request.
  Time since last request: 0.000179 seconds.
  path: Assets/Materials/DefaultMat.mat
  artifactKey: Guid(a4c20318ce0f53c498b6fa67b4d5bbb7) Importer(815301076,1909f56bfc062723c751e8b465ee728b)
Start importing Assets/Materials/DefaultMat.mat using Guid(a4c20318ce0f53c498b6fa67b4d5bbb7) Importer(815301076,1909f56bfc062723c751e8b465ee728b)  -> (artifact id: '065d9b7747c409321e654c2bde26fd85') in 0.041362 seconds
  Import took 0.045104 seconds .

AssetImportWorkerClient::OnTransportError - code=2 error=End of file
