Using pre-set license

 COMMAND LINE ARGUMENTS:
/Applications/Unity/Hub/Editor/2020.3.4f1/Unity.app/Contents/MacOS/Unity
-adb2
-batchMode
-noUpm
-name
AssetImportWorker1
-projectPath
/Users/greexonn/Documents/GitHub/SomeCutGame/SomeCutGame
-logFile
Logs/AssetImportWorker1.log
-srvPort
59717
Successfully changed project path to: /Users/greexonn/Documents/GitHub/SomeCutGame/SomeCutGame
/Users/greexonn/Documents/GitHub/SomeCutGame/SomeCutGame
Using Asset Import Pipeline V2.
Refreshing native plugins compatible for Editor in 61.86 ms, found 0 plugins.
Preloading 0 native plugins for Editor in 0.00 ms.
Initialize engine version: 2020.3.4f1 (0abb6314276a)
[Subsystems] Discovering subsystems at path /Applications/Unity/Hub/Editor/2020.3.4f1/Unity.app/Contents/Resources/UnitySubsystems
[Subsystems] Discovering subsystems at path /Users/greexonn/Documents/GitHub/SomeCutGame/SomeCutGame/Assets
GfxDevice: creating device client; threaded=0
2021-04-21 16:09:51.772 Unity[15575:5172404] Color LCD preferred device: AMD Radeon Pro 5500M (high power)
2021-04-21 16:09:51.788 Unity[15575:5172404] Metal devices available: 2
2021-04-21 16:09:51.789 Unity[15575:5172404] 0: AMD Radeon Pro 5500M (high power)
2021-04-21 16:09:51.789 Unity[15575:5172404] 1: Intel(R) UHD Graphics 630 (low power)
2021-04-21 16:09:51.789 Unity[15575:5172404] Using device AMD Radeon Pro 5500M (high power)
Initializing Metal device caps: AMD Radeon Pro 5500M
Shader 'Universal Render Pipeline/Particles/Lit': fallback shader 'Universal Render Pipeline/Particles/SimpleLit' not found
Initialize mono
Mono path[0] = '/Applications/Unity/Hub/Editor/2020.3.4f1/Unity.app/Contents/Managed'
Mono path[1] = '/Applications/Unity/Hub/Editor/2020.3.4f1/Unity.app/Contents/MonoBleedingEdge/lib/mono/unityjit'
Mono config path = '/Applications/Unity/Hub/Editor/2020.3.4f1/Unity.app/Contents/MonoBleedingEdge/etc'
Using monoOptions --debugger-agent=transport=dt_socket,embedding=1,server=y,suspend=n,address=127.0.0.1:56575
Begin MonoManager ReloadAssembly
Registering precompiled unity dll's ...
Register platform support module: /Applications/Unity/Hub/Editor/2020.3.4f1/Unity.app/Contents/PlaybackEngines/MacStandaloneSupport/UnityEditor.OSXStandalone.Extensions.dll
Register platform support module: /Applications/Unity/Hub/Editor/2020.3.4f1/PlaybackEngines/WindowsStandaloneSupport/UnityEditor.WindowsStandalone.Extensions.dll
Registered in 0.000780 seconds.
Native extension for WindowsStandalone target not found
Native extension for OSXStandalone target not found
Refreshing native plugins compatible for Editor in 37.68 ms, found 0 plugins.
Preloading 0 native plugins for Editor in 0.00 ms.
Mono: successfully reloaded assembly
- Completed reload, in  3.436 seconds
Platform modules already initialized, skipping
Registering precompiled user dll's ...
Registered in 0.003543 seconds.
Begin MonoManager ReloadAssembly
Native extension for WindowsStandalone target not found
Native extension for OSXStandalone target not found
Refreshing native plugins compatible for Editor in 45.81 ms, found 0 plugins.
Preloading 0 native plugins for Editor in 0.00 ms.
Mono: successfully reloaded assembly
- Completed reload, in  2.063 seconds
Platform modules already initialized, skipping
========================================================================
Worker process is ready to serve import requests
Shader 'Universal Render Pipeline/Particles/Lit': fallback shader 'Universal Render Pipeline/Particles/SimpleLit' not found
Launching external process: /Applications/Unity/Hub/Editor/2020.3.4f1/Unity.app/Contents/Tools/UnityShaderCompiler
Launched and connected shader compiler UnityShaderCompiler after 0.01 seconds
Refreshing native plugins compatible for Editor in 0.38 ms, found 0 plugins.
Preloading 0 native plugins for Editor in 0.00 ms.
Unloading 2183 Unused Serialized files (Serialized files now loaded: 0)
System memory in use before: 201.1 MB.
System memory in use after: 201.2 MB.

Unloading 18 unused Assets to reduce memory usage. Loaded Objects now: 2620.
Total: 2.351063 ms (FindLiveObjects: 0.250743 ms CreateObjectMapping: 0.081534 ms MarkObjects: 1.944693 ms  DeleteObjects: 0.073249 ms)

========================================================================
Received Import Request.
  path: Assets/Scripts/Cutting/Jobs/CopyCutSurfaceVertexDataParallelJob.cs
  artifactKey: Guid(41ff0436df1484a259e42ccd7256e3d0) Importer(815301076,1909f56bfc062723c751e8b465ee728b)
Start importing Assets/Scripts/Cutting/Jobs/CopyCutSurfaceVertexDataParallelJob.cs using Guid(41ff0436df1484a259e42ccd7256e3d0) Importer(815301076,1909f56bfc062723c751e8b465ee728b)  -> (artifact id: '32bf1f9e0ad632f7c06c44af8655009b') in 0.581881 seconds
  Import took 0.586412 seconds .

========================================================================
Received Import Request.
  Time since last request: 30.707077 seconds.
  path: Assets/Scripts/Cutting/Jobs/CopyCutSurfaceVertexDataParallelJob.cs
  artifactKey: Guid(41ff0436df1484a259e42ccd7256e3d0) Importer(815301076,1909f56bfc062723c751e8b465ee728b)
Start importing Assets/Scripts/Cutting/Jobs/CopyCutSurfaceVertexDataParallelJob.cs using Guid(41ff0436df1484a259e42ccd7256e3d0) Importer(815301076,1909f56bfc062723c751e8b465ee728b)  -> (artifact id: '68c72bbe870c55894e3d3396fc4ae6ef') in 0.001981 seconds
  Import took 0.006052 seconds .

========================================================================
Received Prepare
Registering precompiled user dll's ...
Registered in 0.003999 seconds.
Begin MonoManager ReloadAssembly
Native extension for WindowsStandalone target not found
Native extension for OSXStandalone target not found
Refreshing native plugins compatible for Editor in 0.57 ms, found 0 plugins.
Preloading 0 native plugins for Editor in 0.00 ms.
Mono: successfully reloaded assembly
- Completed reload, in  1.248 seconds
Platform modules already initialized, skipping
Shader 'Universal Render Pipeline/Particles/Lit': fallback shader 'Universal Render Pipeline/Particles/SimpleLit' not found
Refreshing native plugins compatible for Editor in 0.38 ms, found 0 plugins.
Preloading 0 native plugins for Editor in 0.00 ms.
Unloading 2074 Unused Serialized files (Serialized files now loaded: 0)
System memory in use before: 198.6 MB.
System memory in use after: 198.7 MB.

Unloading 13 unused Assets to reduce memory usage. Loaded Objects now: 2624.
Total: 1.959581 ms (FindLiveObjects: 0.233388 ms CreateObjectMapping: 0.065499 ms MarkObjects: 1.645813 ms  DeleteObjects: 0.014125 ms)

========================================================================
Received Import Request.
  Time since last request: 262.417074 seconds.
  path: Assets/Scripts/Cutting/Jobs/CopyCutSurfaceVertexDataParallelJob.cs
  artifactKey: Guid(41ff0436df1484a259e42ccd7256e3d0) Importer(815301076,1909f56bfc062723c751e8b465ee728b)
Start importing Assets/Scripts/Cutting/Jobs/CopyCutSurfaceVertexDataParallelJob.cs using Guid(41ff0436df1484a259e42ccd7256e3d0) Importer(815301076,1909f56bfc062723c751e8b465ee728b)  -> (artifact id: '77f24962da7d5f9e0e2b83ae6aacf068') in 0.004295 seconds
  Import took 0.008128 seconds .

========================================================================
Received Prepare
Registering precompiled user dll's ...
Registered in 0.002946 seconds.
Begin MonoManager ReloadAssembly
Native extension for WindowsStandalone target not found
Native extension for OSXStandalone target not found
Refreshing native plugins compatible for Editor in 0.34 ms, found 0 plugins.
Preloading 0 native plugins for Editor in 0.00 ms.
Mono: successfully reloaded assembly
- Completed reload, in  1.109 seconds
Platform modules already initialized, skipping
Shader 'Universal Render Pipeline/Particles/Lit': fallback shader 'Universal Render Pipeline/Particles/SimpleLit' not found
Refreshing native plugins compatible for Editor in 0.48 ms, found 0 plugins.
Preloading 0 native plugins for Editor in 0.00 ms.
Unloading 2074 Unused Serialized files (Serialized files now loaded: 0)
System memory in use before: 199.1 MB.
System memory in use after: 199.2 MB.

Unloading 13 unused Assets to reduce memory usage. Loaded Objects now: 2628.
Total: 3.721814 ms (FindLiveObjects: 0.422040 ms CreateObjectMapping: 0.323508 ms MarkObjects: 2.947483 ms  DeleteObjects: 0.026321 ms)

========================================================================
Received Prepare
Registering precompiled user dll's ...
Registered in 0.003698 seconds.
Begin MonoManager ReloadAssembly
Native extension for WindowsStandalone target not found
Native extension for OSXStandalone target not found
Refreshing native plugins compatible for Editor in 0.42 ms, found 0 plugins.
Preloading 0 native plugins for Editor in 0.00 ms.
Mono: successfully reloaded assembly
- Completed reload, in  1.437 seconds
Platform modules already initialized, skipping
Shader 'Universal Render Pipeline/Particles/Lit': fallback shader 'Universal Render Pipeline/Particles/SimpleLit' not found
Refreshing native plugins compatible for Editor in 0.49 ms, found 0 plugins.
Preloading 0 native plugins for Editor in 0.00 ms.
Unloading 2074 Unused Serialized files (Serialized files now loaded: 0)
System memory in use before: 199.5 MB.
System memory in use after: 199.6 MB.

Unloading 13 unused Assets to reduce memory usage. Loaded Objects now: 2632.
Total: 2.319490 ms (FindLiveObjects: 0.243904 ms CreateObjectMapping: 0.097351 ms MarkObjects: 1.960056 ms  DeleteObjects: 0.016744 ms)

========================================================================
Received Prepare
Registering precompiled user dll's ...
Registered in 0.004227 seconds.
Begin MonoManager ReloadAssembly
Native extension for WindowsStandalone target not found
Native extension for OSXStandalone target not found
Refreshing native plugins compatible for Editor in 0.56 ms, found 0 plugins.
Preloading 0 native plugins for Editor in 0.00 ms.
Mono: successfully reloaded assembly
- Completed reload, in  1.113 seconds
Platform modules already initialized, skipping
Shader 'Universal Render Pipeline/Particles/Lit': fallback shader 'Universal Render Pipeline/Particles/SimpleLit' not found
Refreshing native plugins compatible for Editor in 0.36 ms, found 0 plugins.
Preloading 0 native plugins for Editor in 0.00 ms.
Unloading 2074 Unused Serialized files (Serialized files now loaded: 0)
System memory in use before: 199.9 MB.
System memory in use after: 200.0 MB.

Unloading 13 unused Assets to reduce memory usage. Loaded Objects now: 2636.
Total: 2.413929 ms (FindLiveObjects: 0.432860 ms CreateObjectMapping: 0.128612 ms MarkObjects: 1.829427 ms  DeleteObjects: 0.021305 ms)

========================================================================
Received Prepare
Registering precompiled user dll's ...
Registered in 0.003127 seconds.
Begin MonoManager ReloadAssembly
Native extension for WindowsStandalone target not found
Native extension for OSXStandalone target not found
Refreshing native plugins compatible for Editor in 0.49 ms, found 0 plugins.
Preloading 0 native plugins for Editor in 0.00 ms.
Mono: successfully reloaded assembly
- Completed reload, in  1.183 seconds
Platform modules already initialized, skipping
Shader 'Universal Render Pipeline/Particles/Lit': fallback shader 'Universal Render Pipeline/Particles/SimpleLit' not found
Refreshing native plugins compatible for Editor in 0.38 ms, found 0 plugins.
Preloading 0 native plugins for Editor in 0.00 ms.
Unloading 2074 Unused Serialized files (Serialized files now loaded: 0)
System memory in use before: 200.4 MB.
System memory in use after: 200.5 MB.

Unloading 13 unused Assets to reduce memory usage. Loaded Objects now: 2640.
Total: 1.803561 ms (FindLiveObjects: 0.234374 ms CreateObjectMapping: 0.066727 ms MarkObjects: 1.489354 ms  DeleteObjects: 0.012357 ms)

========================================================================
Received Prepare
Registering precompiled user dll's ...
Registered in 0.002578 seconds.
Begin MonoManager ReloadAssembly
Native extension for WindowsStandalone target not found
Native extension for OSXStandalone target not found
Refreshing native plugins compatible for Editor in 0.34 ms, found 0 plugins.
Preloading 0 native plugins for Editor in 0.00 ms.
Mono: successfully reloaded assembly
- Completed reload, in  1.152 seconds
Platform modules already initialized, skipping
Shader 'Universal Render Pipeline/Particles/Lit': fallback shader 'Universal Render Pipeline/Particles/SimpleLit' not found
Refreshing native plugins compatible for Editor in 0.49 ms, found 0 plugins.
Preloading 0 native plugins for Editor in 0.00 ms.
Unloading 2074 Unused Serialized files (Serialized files now loaded: 0)
System memory in use before: 200.8 MB.
System memory in use after: 200.9 MB.

Unloading 13 unused Assets to reduce memory usage. Loaded Objects now: 2644.
Total: 2.416181 ms (FindLiveObjects: 0.255836 ms CreateObjectMapping: 0.096910 ms MarkObjects: 2.039859 ms  DeleteObjects: 0.022119 ms)

========================================================================
Received Import Request.
  Time since last request: 1180.234141 seconds.
  path: Assets/Scripts/Cutting/Jobs/CopyCutSurfaceTrianglesParallelJob.cs
  artifactKey: Guid(bedbd200210be4bebac4c6ef940df918) Importer(815301076,1909f56bfc062723c751e8b465ee728b)
Start importing Assets/Scripts/Cutting/Jobs/CopyCutSurfaceTrianglesParallelJob.cs using Guid(bedbd200210be4bebac4c6ef940df918) Importer(815301076,1909f56bfc062723c751e8b465ee728b)  -> (artifact id: 'fa39daaf6fca2e0bacac885f3941dd64') in 0.007278 seconds
  Import took 0.012165 seconds .

========================================================================
Received Prepare
Registering precompiled user dll's ...
Registered in 0.002649 seconds.
Begin MonoManager ReloadAssembly
Native extension for WindowsStandalone target not found
Native extension for OSXStandalone target not found
Refreshing native plugins compatible for Editor in 0.36 ms, found 0 plugins.
Preloading 0 native plugins for Editor in 0.00 ms.
Mono: successfully reloaded assembly
- Completed reload, in  1.250 seconds
Platform modules already initialized, skipping
Shader 'Universal Render Pipeline/Particles/Lit': fallback shader 'Universal Render Pipeline/Particles/SimpleLit' not found
Refreshing native plugins compatible for Editor in 0.41 ms, found 0 plugins.
Preloading 0 native plugins for Editor in 0.00 ms.
Unloading 2075 Unused Serialized files (Serialized files now loaded: 0)
System memory in use before: 201.3 MB.
System memory in use after: 201.4 MB.

Unloading 13 unused Assets to reduce memory usage. Loaded Objects now: 2649.
Total: 2.797544 ms (FindLiveObjects: 0.323996 ms CreateObjectMapping: 0.127047 ms MarkObjects: 2.325073 ms  DeleteObjects: 0.020407 ms)

========================================================================
Received Import Request.
  Time since last request: 556.030680 seconds.
  path: Assets/Scripts/Cutting/Jobs/CopyCutSurfaceTrianglesParallelJob.cs
  artifactKey: Guid(bedbd200210be4bebac4c6ef940df918) Importer(815301076,1909f56bfc062723c751e8b465ee728b)
Start importing Assets/Scripts/Cutting/Jobs/CopyCutSurfaceTrianglesParallelJob.cs using Guid(bedbd200210be4bebac4c6ef940df918) Importer(815301076,1909f56bfc062723c751e8b465ee728b)  -> (artifact id: 'a3a207f3f10103756c0b24c9dce1bd03') in 0.005338 seconds
  Import took 0.009641 seconds .

========================================================================
Received Prepare
Registering precompiled user dll's ...
Registered in 0.004372 seconds.
Begin MonoManager ReloadAssembly
Native extension for WindowsStandalone target not found
Native extension for OSXStandalone target not found
Refreshing native plugins compatible for Editor in 0.53 ms, found 0 plugins.
Preloading 0 native plugins for Editor in 0.00 ms.
Mono: successfully reloaded assembly
- Completed reload, in  1.437 seconds
Platform modules already initialized, skipping
Shader 'Universal Render Pipeline/Particles/Lit': fallback shader 'Universal Render Pipeline/Particles/SimpleLit' not found
Refreshing native plugins compatible for Editor in 0.39 ms, found 0 plugins.
Preloading 0 native plugins for Editor in 0.00 ms.
Unloading 2075 Unused Serialized files (Serialized files now loaded: 0)
System memory in use before: 201.7 MB.
System memory in use after: 201.9 MB.

Unloading 13 unused Assets to reduce memory usage. Loaded Objects now: 2653.
Total: 2.278828 ms (FindLiveObjects: 0.321075 ms CreateObjectMapping: 0.067929 ms MarkObjects: 1.875836 ms  DeleteObjects: 0.013200 ms)

========================================================================
Received Prepare
Registering precompiled user dll's ...
Registered in 0.003376 seconds.
Begin MonoManager ReloadAssembly
Native extension for WindowsStandalone target not found
Native extension for OSXStandalone target not found
Refreshing native plugins compatible for Editor in 0.35 ms, found 0 plugins.
Preloading 0 native plugins for Editor in 0.00 ms.
Mono: successfully reloaded assembly
- Completed reload, in  1.137 seconds
Platform modules already initialized, skipping
Shader 'Universal Render Pipeline/Particles/Lit': fallback shader 'Universal Render Pipeline/Particles/SimpleLit' not found
Refreshing native plugins compatible for Editor in 0.43 ms, found 0 plugins.
Preloading 0 native plugins for Editor in 0.00 ms.
Unloading 2075 Unused Serialized files (Serialized files now loaded: 0)
System memory in use before: 202.1 MB.
System memory in use after: 202.2 MB.

Unloading 13 unused Assets to reduce memory usage. Loaded Objects now: 2657.
Total: 1.910913 ms (FindLiveObjects: 0.188774 ms CreateObjectMapping: 0.138317 ms MarkObjects: 1.569892 ms  DeleteObjects: 0.013095 ms)

========================================================================
Received Import Request.
  Time since last request: 588.623092 seconds.
  path: Assets/Scripts/Cutting/Jobs/CopyCutSurfaceTrianglesParallelJob.cs
  artifactKey: Guid(bedbd200210be4bebac4c6ef940df918) Importer(815301076,1909f56bfc062723c751e8b465ee728b)
Start importing Assets/Scripts/Cutting/Jobs/CopyCutSurfaceTrianglesParallelJob.cs using Guid(bedbd200210be4bebac4c6ef940df918) Importer(815301076,1909f56bfc062723c751e8b465ee728b)  -> (artifact id: '9704ccca12ff9b5a2c9b21d99b6495f4') in 0.004950 seconds
  Import took 0.009571 seconds .

========================================================================
Received Prepare
Registering precompiled user dll's ...
Registered in 0.002821 seconds.
Begin MonoManager ReloadAssembly
Native extension for WindowsStandalone target not found
Native extension for OSXStandalone target not found
Refreshing native plugins compatible for Editor in 0.34 ms, found 0 plugins.
Preloading 0 native plugins for Editor in 0.00 ms.
Mono: successfully reloaded assembly
- Completed reload, in  1.170 seconds
Platform modules already initialized, skipping
Shader 'Universal Render Pipeline/Particles/Lit': fallback shader 'Universal Render Pipeline/Particles/SimpleLit' not found
Refreshing native plugins compatible for Editor in 0.94 ms, found 0 plugins.
Preloading 0 native plugins for Editor in 0.00 ms.
Unloading 2075 Unused Serialized files (Serialized files now loaded: 0)
System memory in use before: 202.6 MB.
System memory in use after: 202.7 MB.

Unloading 13 unused Assets to reduce memory usage. Loaded Objects now: 2661.
Total: 2.265492 ms (FindLiveObjects: 0.278942 ms CreateObjectMapping: 0.088906 ms MarkObjects: 1.877863 ms  DeleteObjects: 0.018253 ms)

========================================================================
Received Prepare
Registering precompiled user dll's ...
Registered in 0.003272 seconds.
Begin MonoManager ReloadAssembly
Native extension for WindowsStandalone target not found
Native extension for OSXStandalone target not found
Refreshing native plugins compatible for Editor in 0.34 ms, found 0 plugins.
Preloading 0 native plugins for Editor in 0.00 ms.
Mono: successfully reloaded assembly
- Completed reload, in  1.137 seconds
Platform modules already initialized, skipping
Shader 'Universal Render Pipeline/Particles/Lit': fallback shader 'Universal Render Pipeline/Particles/SimpleLit' not found
Refreshing native plugins compatible for Editor in 0.95 ms, found 0 plugins.
Preloading 0 native plugins for Editor in 0.00 ms.
Unloading 2075 Unused Serialized files (Serialized files now loaded: 0)
System memory in use before: 203.0 MB.
System memory in use after: 203.1 MB.

Unloading 13 unused Assets to reduce memory usage. Loaded Objects now: 2665.
Total: 1.940507 ms (FindLiveObjects: 0.207731 ms CreateObjectMapping: 0.084456 ms MarkObjects: 1.633658 ms  DeleteObjects: 0.013758 ms)

========================================================================
Received Prepare
Registering precompiled user dll's ...
Registered in 0.003029 seconds.
Begin MonoManager ReloadAssembly
Native extension for WindowsStandalone target not found
Native extension for OSXStandalone target not found
Refreshing native plugins compatible for Editor in 0.35 ms, found 0 plugins.
Preloading 0 native plugins for Editor in 0.00 ms.
Mono: successfully reloaded assembly
- Completed reload, in  1.169 seconds
Platform modules already initialized, skipping
Shader 'Universal Render Pipeline/Particles/Lit': fallback shader 'Universal Render Pipeline/Particles/SimpleLit' not found
Refreshing native plugins compatible for Editor in 0.88 ms, found 0 plugins.
Preloading 0 native plugins for Editor in 0.00 ms.
Unloading 2075 Unused Serialized files (Serialized files now loaded: 0)
System memory in use before: 203.5 MB.
System memory in use after: 203.6 MB.

Unloading 13 unused Assets to reduce memory usage. Loaded Objects now: 2669.
Total: 3.665518 ms (FindLiveObjects: 0.306435 ms CreateObjectMapping: 0.095952 ms MarkObjects: 3.242965 ms  DeleteObjects: 0.018268 ms)

========================================================================
Received Import Request.
  Time since last request: 956.307504 seconds.
  path: Assets/Models/Donat/Materials/Material.Base.mat
  artifactKey: Guid(041aaf228c684c043a33bacf4daf3672) Importer(815301076,1909f56bfc062723c751e8b465ee728b)
Start importing Assets/Models/Donat/Materials/Material.Base.mat using Guid(041aaf228c684c043a33bacf4daf3672) Importer(815301076,1909f56bfc062723c751e8b465ee728b)  -> (artifact id: '278302d19f6206e8a0544f621c7a43b0') in 1.922731 seconds
  Import took 1.927307 seconds .

========================================================================
Received Import Request.
  Time since last request: 0.000268 seconds.
  path: Assets/Models/Materials/VaderMask.mat
  artifactKey: Guid(afb554ee1dff163419e9931ae2e3b46f) Importer(815301076,1909f56bfc062723c751e8b465ee728b)
Start importing Assets/Models/Materials/VaderMask.mat using Guid(afb554ee1dff163419e9931ae2e3b46f) Importer(815301076,1909f56bfc062723c751e8b465ee728b)  -> (artifact id: '96afd8562905ad720f5d81b12fb1600d') in 0.016651 seconds
  Import took 0.020685 seconds .

========================================================================
Received Import Request.
  Time since last request: 0.000194 seconds.
  path: Assets/Models/Materials/Stormtrooper.mat
  artifactKey: Guid(153b7d9a1617e764785ff402bdfdbfb2) Importer(815301076,1909f56bfc062723c751e8b465ee728b)
Start importing Assets/Models/Materials/Stormtrooper.mat using Guid(153b7d9a1617e764785ff402bdfdbfb2) Importer(815301076,1909f56bfc062723c751e8b465ee728b)  -> (artifact id: 'b469abaef5bf4ef4474d2b65e9328b35') in 0.048455 seconds
  Import took 0.052869 seconds .

========================================================================
Received Prepare
Registering precompiled user dll's ...
Registered in 0.004042 seconds.
Begin MonoManager ReloadAssembly
Native extension for WindowsStandalone target not found
Native extension for OSXStandalone target not found
Refreshing native plugins compatible for Editor in 0.39 ms, found 0 plugins.
Preloading 0 native plugins for Editor in 0.00 ms.
Mono: successfully reloaded assembly
- Completed reload, in  1.359 seconds
Platform modules already initialized, skipping
Shader 'Universal Render Pipeline/Particles/Lit': fallback shader 'Universal Render Pipeline/Particles/SimpleLit' not found
Refreshing native plugins compatible for Editor in 0.41 ms, found 0 plugins.
Preloading 0 native plugins for Editor in 0.00 ms.
Unloading 2074 Unused Serialized files (Serialized files now loaded: 0)
System memory in use before: 215.2 MB.
System memory in use after: 215.4 MB.

Unloading 14 unused Assets to reduce memory usage. Loaded Objects now: 2751.
Total: 2.086621 ms (FindLiveObjects: 0.291768 ms CreateObjectMapping: 0.073546 ms MarkObjects: 1.699433 ms  DeleteObjects: 0.021122 ms)

