
=== Thu May 30 16:31:15 2019

Packages were changed.
Update Mode: mergeDefaultDependencies

The following packages were updated:
  com.unity.analytics from version 3.2.2 to 3.3.2
  com.unity.collab-proxy from version 1.2.9 to 1.2.16
  com.unity.package-manager-ui from version 2.1.1 to 2.1.2
  com.unity.purchasing from version 2.0.1 to 2.0.6
  com.unity.textmeshpro from version 1.3.0 to 2.0.1
  com.unity.timeline from version 0.0.0-builtin to 1.0.0

=== Wed Jul 31 11:55:15 2019

Packages were changed.
Update Mode: updateDependencies

The following packages were added:
  com.unity.2d.tilemap@1.0.0
  com.unity.ext.nunit@1.0.0
  com.unity.test-framework@1.0.13
  com.unity.2d.sprite@1.0.0
  com.unity.ide.vscode@1.0.7
  com.unity.ide.rider@1.0.8
  com.unity.ugui@1.0.0
  com.unity.modules.androidjni@1.0.0
The following packages were updated:
  com.unity.package-manager-ui from version 2.1.2 to 2.2.0
  com.unity.render-pipelines.lightweight from version 5.16.1 to 6.9.0
  com.unity.timeline from version 1.0.0 to 1.1.0

=== Fri Aug 23 10:12:33 2019

Packages were changed.
Update Mode: updateDependencies

The following packages were updated:
  com.unity.ide.rider from version 1.0.8 to 1.1.0

=== Wed Aug 28 18:20:19 2019

Packages were changed.
Update Mode: updateDependencies

The following packages were removed:
  com.unity.package-manager-ui@2.2.0

=== Tue Sep 17 09:20:26 2019

Packages were changed.
Update Mode: updateDependencies

The following packages were updated:
  com.unity.test-framework from version 1.0.18 to 1.1.1
  com.unity.timeline from version 1.1.0 to 1.2.1

=== Sun Oct 11 02:39:11 2020

Packages were changed.
Update Mode: updateDependencies

The following packages were added:
  com.unity.ide.visualstudio@2.0.2
The following packages were updated:
  com.unity.ads from version 2.0.8 to 3.4.9
  com.unity.analytics from version 3.3.2 to 3.3.5
  com.unity.collab-proxy from version 1.2.16 to 1.3.9
  com.unity.ide.vscode from version 1.1.2 to 1.2.1
  com.unity.mathematics from version 1.1.0 to 1.2.1
  com.unity.purchasing from version 2.0.6 to 2.1.0
  com.unity.render-pipelines.universal from version 7.0.1 to 10.0.0-preview.26
  com.unity.test-framework from version 1.1.3 to 1.1.16
  com.unity.textmeshpro from version 2.0.1 to 3.0.1
  com.unity.timeline from version 1.2.2 to 1.2.6

=== Thu Apr 15 21:55:37 2021

Packages were changed.
Update Mode: updateDependencies

The following packages were updated:
  com.unity.ads from version 3.4.9 to 3.6.1
  com.unity.analytics from version 3.3.5 to 3.5.3
  com.unity.ext.nunit from version 1.0.0 to 1.0.6
  com.unity.ide.visualstudio from version 2.0.2 to 2.0.7
  com.unity.ide.vscode from version 1.2.1 to 1.2.3
  com.unity.purchasing from version 2.1.0 to 2.2.2
  com.unity.render-pipelines.universal from version 10.0.0-preview.26 to 10.4.0
  com.unity.test-framework from version 1.1.16 to 1.1.24
  com.unity.timeline from version 1.2.6 to 1.4.7
